<?xml version="1.0" encoding="UTF-8"?>
<testsuite xmlns:xsi="http://www.w3.org/2001/XMLSchema-instance" xsi:noNamespaceSchemaLocation="https://maven.apache.org/surefire/maven-surefire-plugin/xsd/surefire-test-report-3.0.xsd" version="3.0" name="org.example.BingoSortTest" time="0.074" tests="3" errors="0" skipped="0" failures="0">
  <properties>
[...]
</properties>
  <testcase name="testBingoSortForBinaryArrays" classname="org.example.BingoSortTest" time="0.003"/>
  <testcase name="testBingoSort" classname="org.example.BingoSortTest" time="0.0"/>
  <testcase name="testBingoSortForRandomArray" classname="org.example.BingoSortTest" time="0.0"/>
</testsuite>